================================================================================
SCRAPING SESSION SUMMARY
================================================================================

SESSION INFORMATION
--------------------------------------------------------------------------------
Start Time: 2025-05-09T21:44:46.835052
End Time: 2025-05-09T21:55:57.520444
Total Duration: 670.69 seconds
Command: C:\Users\Emilios Richards\VSCode\Regex Phone Extraction - Copy\scraper\main.py --scrape-mode text --url-file test_urls.txt
Python Version: 3.12.2 | packaged by conda-forge | (main, Feb 16 2024, 20:42:31) [MSC v.1937 64 bit (AMD64)]
Platform: win32
Run Directory: C:\Users\Emilios Richards\VSCode\Regex Phone Extraction - Copy\data\scraping\20250509_214446

URL PROCESSING SUMMARY
--------------------------------------------------------------------------------
Total URLs Processed: 109
Successful URLs: 85
Failed URLs: 24
Success Rate: 78.0%

PERFORMANCE METRICS
--------------------------------------------------------------------------------
Total Processing Time: 468.57 seconds
Average Time per URL: 4.30 seconds
Processing Speed: 14.0 URLs/minute

OCR STATISTICS
--------------------------------------------------------------------------------
Total OCR Attempts: 0
Total OCR Successes: 0
Average OCR Success Rate: 0.00%

SUCCESSFUL URLS
--------------------------------------------------------------------------------
• http://www.zyschka.de
• http://www.zyliss.com
• http://www.zwt-zisterer.de
• http://www.zwilling.com
• http://www.zwieg.de
• http://www.zwicky.swiss
• http://www.zyschka.de
• http://www.zyliss.com
• http://www.zwt-zisterer.de
• http://www.zwilling.com
• http://www.zwieg.de
• http://www.zwicky.swiss
• http://www.zwergenkinder.de
• http://www.zweite-haut.com
• http://www.zweispielermodus.de
• http://www.zwei-rad-sport.ch
• http://www.zweirad-profi.de
• http://www.zweiradortner.com
• http://www.zweirad-kraft.de
• http://www.zweiradgoetz.ch
• http://www.zweiradfriedl.at
• http://www.zweirad-bruckner.de
• http://www.zweck.de
• http://www.zv-wasserversorgung-hohenzollern.de
• http://www.zuther-online.de
• http://www.zurbruegg-ag.ch
• http://www.zukunft-licht-shop.de
• http://www.zuhausgemacht.de
• http://www.zufuehrtechnik-hudelmaier.de
• http://www.zueri-obst.ch
• http://www.zueriliebi.ch
• http://www.zuendorfer-aquaristik.de
• http://www.zuendholz-baumann.de
• http://www.zuchthoehlen.de
• http://www.zuber-gmbh.de
• http://www.zt-glatzel.at
• http://www.zs-zylinder.de
• http://www.zpp-hennig.de
• http://www.zooschild.com
• http://www.zoodi.net
• http://www.zoneextreme.at
• http://www.zollstock.com
• http://www.zoeller-leitungsbau.de
• http://www.zocha-partner.de
• http://www.zm-vakuum.de
• http://www.zmt-automotive.de
• http://www.zizito.com
• http://www.zitt.de
• http://www.zirkusartikel.de
• http://www.zirkeltraining.biz
• http://www.zirbeundmehr.de
• http://www.zippsafe.com
• http://www.zipp-dresden.de
• http://www.zinn-blei-soldaten.de
• http://www.zink-architektur.de
• http://www.zindelgmbh.de
• http://www.zimsbike.ch
• http://www.zimmermann-planung.de
• http://www.zimat.de
• http://www.ziemann-urban.de
• http://www.zielosko.net
• http://www.ziegler-partner.de
• http://www.ziegler-metallgewebe.de
• http://www.zf-nord.de
• http://www.zetec.de
• http://www.zertifizierung-iso-9001-2015.de
• http://www.zero-friction.de
• http://www.zermattkaffee.com
• http://www.zepter.com
• http://www.zepter.at
• http://www.zentron.at
• http://www.zentri-jet.com
• http://www.zentgraff.de
• http://www.zenith-formen.at
• http://www.zenith-art-system.de
• http://www.zenger.ch
• http://www.zeltwanger.de
• http://www.zeltverleih-hainz.de
• http://www.zeltsysteme-goebel.de
• http://www.zeltfabrik.de
• http://www.zeltex.de
• http://www.zeitwertuhren.de
• http://www.zeitundraum.de
• http://www.zeit-raum-gmbh.de
• http://www.zeitler-robotics.de

FAILED URLS AND ERRORS
--------------------------------------------------------------------------------
URL: http://www.zventureinternational.com
Error: Unknown error occurred

URL: http://www.zunservicos.com.br
Error: Unknown error occurred

URL: http://www.zundershop.com
Error: Unknown error occurred

URL: http://www.zuendig.ch
Error: Unknown error occurred

URL: http://www.zorn-microsolution.com
Error: Unknown error occurred

URL: http://www.zofer.de
Error: Unknown error occurred

URL: http://www.zisma.de
Error: Unknown error occurred

URL: http://www.zinkes-sammelwelt.de
Error: Unknown error occurred

URL: http://www.zim-markdorf.de
Error: Unknown error occurred

URL: http://www.ziegler-eltlab.de
Error: Unknown error occurred

URL: http://www.zickmannservice.de
Error: Unknown error occurred

URL: http://www.zeunert-engineering.de
Error: Unknown error occurred

URL: http://www.zetzmann.de
Error: Unknown error occurred

URL: http://www.zettelbox.ch
Error: Unknown error occurred

URL: http://www.zermotech.de
Error: Unknown error occurred

URL: http://www.zerega-uno.de
Error: Unknown error occurred

URL: http://www.zerbus.ch
Error: Unknown error occurred

URL: http://www.zentner-partner.de
Error: Unknown error occurred

URL: http://www.zenleser.at
Error: Unknown error occurred

URL: http://www.zenker-backformen.de
Error: Unknown error occurred

URL: http://www.zenithspectrum.de
Error: Unknown error occurred

URL: http://www.zeltemarkt.de
Error: Unknown error occurred

URL: http://www.zeitlers-kutschbock.de
Error: Unknown error occurred

URL: http://www.zeiti.me
Error: Unknown error occurred

SYSTEM INFORMATION
--------------------------------------------------------------------------------
CPU Count: 8
Memory Usage: 43.1 MB
Disk Space Available: 16.0 GB

JSON SUMMARY
--------------------------------------------------------------------------------
{
  "session_duration": {
    "start": "2025-05-09T21:44:46.835052",
    "end": "2025-05-09T21:55:57.520444",
    "total_seconds": 670.685392
  },
  "urls_processed": {
    "total": 109,
    "successful": 85,
    "failed": 24
  },
  "ocr_metrics": {
    "total_attempts": 0,
    "total_successes": 0,
    "average_success_rate": 0.0
  },
  "performance": {
    "total_processing_time": 468.57,
    "average_time_per_url": 4.3
  }
}