================================================================================
SCRAPING SESSION SUMMARY
================================================================================

SESSION INFORMATION
--------------------------------------------------------------------------------
Start Time: 2025-05-09T21:00:27.961617
End Time: 2025-05-09T21:01:26.594237
Total Duration: 58.63 seconds
Command: C:\Users\Emilios Richards\VSCode\Regex Phone Extraction\scraper\main.py --scrape-mode text --url-file test_urls.txt
Python Version: 3.12.2 | packaged by conda-forge | (main, Feb 16 2024, 20:42:31) [MSC v.1937 64 bit (AMD64)]
Platform: win32
Run Directory: C:\Users\Emilios Richards\VSCode\Regex Phone Extraction\data\scraping\20250509_210027

URL PROCESSING SUMMARY
--------------------------------------------------------------------------------
Total URLs Processed: 6
Successful URLs: 6
Failed URLs: 0
Success Rate: 100.0%

PERFORMANCE METRICS
--------------------------------------------------------------------------------
Total Processing Time: 58.61 seconds
Average Time per URL: 9.77 seconds
Processing Speed: 6.1 URLs/minute

OCR STATISTICS
--------------------------------------------------------------------------------
Total OCR Attempts: 0
Total OCR Successes: 0
Average OCR Success Rate: 0.00%

SUCCESSFUL URLS
--------------------------------------------------------------------------------
• http://www.zyschka.de
• http://www.zyliss.com
• http://www.zwt-zisterer.de
• http://www.zwilling.com
• http://www.zwieg.de
• http://www.zwicky.swiss

SYSTEM INFORMATION
--------------------------------------------------------------------------------
CPU Count: 8
Memory Usage: 39.9 MB
Disk Space Available: 17.5 GB

JSON SUMMARY
--------------------------------------------------------------------------------
{
  "session_duration": {
    "start": "2025-05-09T21:00:27.961617",
    "end": "2025-05-09T21:01:26.594237",
    "total_seconds": 58.63262
  },
  "urls_processed": {
    "total": 6,
    "successful": 6,
    "failed": 0
  },
  "ocr_metrics": {
    "total_attempts": 0,
    "total_successes": 0,
    "average_success_rate": 0.0
  },
  "performance": {
    "total_processing_time": 58.61,
    "average_time_per_url": 9.77
  }
}